INFO:root:tensorflow-2.5.0 (/usr/local/lib/python3.8/dist-packages/tensorflow/include, /usr/local/lib/python3.8/dist-packages/tensorflow)
INFO:root:Namespace(batch=5000, dact='none-tanh-tanh', datadirs=['/tmp/tdata/'], ddrop=0.1, decay=0.1, dnet='27-34-2', ftest=0.25, load=False, lstep=100, mact='none-tanh-tanh', mdrop=0.1, mnet='27-34-2', mve=True, nosmax=False, output='models/tfmodel', stats=False, steps=10000)
INFO:root:8376 tuples have been loaded; randomly selected 6282 for the training set and 2094 for the test set
INFO:root:{'inputs': 3.7656653, 'labels': 1.0, 'modvel': 2.749637}
INFO:root:Neural network structure: detection 27-34-2 and modification 27-34-2
INFO:root:{'accuracy': 0.84049666, 'false_negative_corr_T_appx_F': 0.12605043, 'false_positive_corr_F_appx_T': 0.1945259, 'splashes/corr': 0.5114613, 'splashes/appx': 0.54202485, 'detector/loss': 0.41618088, 'modifier/loss': 0.025646955, 'modifier_mve/loss': 0.28737205, 'sum_loss': 3.2840877, 'sum_loss_mve': 2.9449308, 'detector/decay': 1.2168826, 'modifier/decay': 1.6253773, 'modifier_var/decay': 2.2413778}
INFO:root:Trained model saved to models/tfmodel/model.ckpt
WARNING:tensorflow:There are non-GPU devices in `tf.distribute.Strategy`, not using nccl allreduce.
INFO:tensorflow:Using MirroredStrategy with devices ('/replica:0/task:0/device:CPU:0',)
INFO:root:tensorflow-2.5.0 (/usr/local/lib/python3.8/dist-packages/tensorflow/include, /usr/local/lib/python3.8/dist-packages/tensorflow)
INFO:root:Namespace(batch=5000, dact='none-tanh-tanh', datadirs=['/tmp/tdata/'], ddrop=0.1, decay=0.1, dnet='27-34-2', ftest=0.25, load=False, lstep=100, mact='none-tanh-tanh', mdrop=0.1, mnet='27-34-2', mve=True, nosmax=False, output='models/tfmodel', stats=False, steps=10000)
INFO:root:8376 tuples have been loaded; randomly selected 6282 for the training set and 2094 for the test set
INFO:root:{'inputs': 3.7656653, 'labels': 1.0, 'modvel': 2.749637}
INFO:root:Neural network structure: detection 27-34-2 and modification 27-34-2
INFO:root:Neural network structure: detection 27-34-2 and modification 27-34-2
INFO:root:Neural network structure: detection 27-34-2 and modification 27-34-2
INFO:root:Neural network structure: detection 27-34-2 and modification 27-34-2
WARNING:tensorflow:From /usr/local/lib/python3.8/dist-packages/tensorflow/python/keras/layers/normalization.py:534: _colocate_with (from tensorflow.python.framework.ops) is deprecated and will be removed in a future version.
Instructions for updating:
Colocations handled automatically by placer.
INFO:root:tensorflow-2.5.0 (/usr/local/lib/python3.8/dist-packages/tensorflow/include, /usr/local/lib/python3.8/dist-packages/tensorflow)
INFO:root:Namespace(batch=5000, dact='none-tanh-tanh', datadirs=['/tmp/tdata/'], ddrop=0.1, decay=0.1, dnet='27-34-2', ftest=0.25, load=False, lstep=100, mact='none-tanh-tanh', mdrop=0.1, mnet='27-34-2', mve=True, nosmax=False, output='models/tfmodel', stats=False, steps=10000)
INFO:root:8376 tuples have been loaded; randomly selected 6282 for the training set and 2094 for the test set
INFO:root:{'inputs': 3.7656653, 'labels': 1.0, 'modvel': 2.749637}
INFO:root:Neural network structure: detection 27-34-2 and modification 27-34-2
WARNING:tensorflow:From /usr/local/lib/python3.8/dist-packages/tensorflow/python/keras/layers/normalization.py:534: _colocate_with (from tensorflow.python.framework.ops) is deprecated and will be removed in a future version.
Instructions for updating:
Colocations handled automatically by placer.
WARNING:tensorflow:Output dropout_1 missing from loss dictionary. We assume this was done on purpose. The fit and evaluate APIs will not be expecting any data to be passed to dropout_1.
WARNING:tensorflow:Output dropout_3 missing from loss dictionary. We assume this was done on purpose. The fit and evaluate APIs will not be expecting any data to be passed to dropout_3.
WARNING:tensorflow:Output dropout_5 missing from loss dictionary. We assume this was done on purpose. The fit and evaluate APIs will not be expecting any data to be passed to dropout_5.
WARNING:tensorflow:Output batch_normalization_7 missing from loss dictionary. We assume this was done on purpose. The fit and evaluate APIs will not be expecting any data to be passed to batch_normalization_7.
WARNING:tensorflow:Output batch_normalization_9 missing from loss dictionary. We assume this was done on purpose. The fit and evaluate APIs will not be expecting any data to be passed to batch_normalization_9.
WARNING:tensorflow:Output batch_normalization_11 missing from loss dictionary. We assume this was done on purpose. The fit and evaluate APIs will not be expecting any data to be passed to batch_normalization_11.
WARNING:tensorflow:Output dense_13 missing from loss dictionary. We assume this was done on purpose. The fit and evaluate APIs will not be expecting any data to be passed to dense_13.
WARNING:tensorflow:Output dense_15 missing from loss dictionary. We assume this was done on purpose. The fit and evaluate APIs will not be expecting any data to be passed to dense_15.
WARNING:tensorflow:Output dense_17 missing from loss dictionary. We assume this was done on purpose. The fit and evaluate APIs will not be expecting any data to be passed to dense_17.
